\BOOKMARK [0][-]{chapter.1}{Wstep}{}% 1
\BOOKMARK [1][-]{section.1.1}{Wprowadzenie}{chapter.1}% 2
\BOOKMARK [1][-]{section.1.2}{Cel pracy}{chapter.1}% 3
\BOOKMARK [1][-]{section.1.3}{Tworzenie projektu}{chapter.1}% 4
\BOOKMARK [0][-]{chapter.2}{Wykorzystane technologie}{}% 5
\BOOKMARK [1][-]{section.2.1}{Jezyk programowania Go}{chapter.2}% 6
\BOOKMARK [2][-]{subsection.2.1.1}{Por\363wnanie Go z Python}{section.2.1}% 7
\BOOKMARK [2][-]{subsection.2.1.2}{Por\363wnanie Go z C++}{section.2.1}% 8
\BOOKMARK [1][-]{section.2.2}{Serializacja danych Protocol Buffers}{chapter.2}% 9
\BOOKMARK [1][-]{section.2.3}{System kontroli wersji git}{chapter.2}% 10
\BOOKMARK [1][-]{section.2.4}{GNUPlot}{chapter.2}% 11
\BOOKMARK [1][-]{section.2.5}{Docker}{chapter.2}% 12
\BOOKMARK [1][-]{section.2.6}{Latex}{chapter.2}% 13
\BOOKMARK [0][-]{chapter.3}{Architektura systemu}{}% 14
\BOOKMARK [1][-]{section.3.1}{Opis}{chapter.3}% 15
\BOOKMARK [1][-]{section.3.2}{Komponenty systemu}{chapter.3}% 16
\BOOKMARK [2][-]{subsection.3.2.1}{Plik konfiguracyjny}{section.3.2}% 17
\BOOKMARK [2][-]{subsection.3.2.2}{Modu\233 g\233\363wny \(Core\)}{section.3.2}% 18
\BOOKMARK [2][-]{subsection.3.2.3}{Modu\233 symulatora \(Simulator\)}{section.3.2}% 19
\BOOKMARK [1][-]{section.3.3}{Obs\233uga systemu}{chapter.3}% 20
\BOOKMARK [2][-]{subsection.3.3.1}{Konfiguracja srodowiska i kompilacja}{section.3.3}% 21
\BOOKMARK [2][-]{subsection.3.3.2}{Generowanie konfiguracji}{section.3.3}% 22
\BOOKMARK [2][-]{subsection.3.3.3}{Uruchamianie scenariuszy}{section.3.3}% 23
\BOOKMARK [2][-]{subsection.3.3.4}{Generowanie wykres\363w}{section.3.3}% 24
\BOOKMARK [2][-]{subsection.3.3.5}{Dodawanie nowych protoko\233\363w}{section.3.3}% 25
\BOOKMARK [0][-]{chapter*.9}{Bibliografia}{}% 26
