This is pdfTeX, Version 3.14159265-2.6-1.40.19 (TeX Live 2019/dev/Debian) (preloaded format=pdflatex 2018.12.3)  9 FEB 2019 17:16
entering extended mode
 restricted \write18 enabled.
 %&-line parsing enabled.
**praca_dyplomowa.tex
(./praca_dyplomowa.tex
LaTeX2e <2018-04-01> patch level 5
(/usr/share/texlive/texmf-dist/tex/latex/base/report.cls
Document Class: report 2014/09/29 v1.4h Standard LaTeX document class
(/usr/share/texlive/texmf-dist/tex/latex/base/size12.clo
File: size12.clo 2014/09/29 v1.4h Standard LaTeX file (size option)
)
\c@part=\count80
\c@chapter=\count81
\c@section=\count82
\c@subsection=\count83
\c@subsubsection=\count84
\c@paragraph=\count85
\c@subparagraph=\count86
\c@figure=\count87
\c@table=\count88
\abovecaptionskip=\skip41
\belowcaptionskip=\skip42
\bibindent=\dimen102
)
(/usr/share/texlive/texmf-dist/tex/latex/polski/polski.sty
Package: polski 2017/05/04 v1.3.4 Polish language package

   Switching to Polish text encoding and Polish maths fonts.
(/usr/share/texlive/texmf-dist/tex/latex/base/ot4enc.def
File: ot4enc.def 2017/04/05 v2.0i Standard LaTeX file
Now handling font encoding OT4 ...
... no UTF-8 mapping file for font encoding OT4
)
LaTeX Font Info:    Try loading font information for OT4+cmr on input line 360.


(/usr/share/texlive/texmf-dist/tex/latex/polski/ot4cmr.fd
File: ot4cmr.fd 2008/02/24 v1.2.1 Font defs for fonts PL (MW)
)
LaTeX Font Info:    Overwriting math alphabet `\mathbf' in version `normal'
(Font)                  OT1/cmr/bx/n --> OT4/cmr/bx/n on input line 360.
LaTeX Font Info:    Overwriting math alphabet `\mathsf' in version `normal'
(Font)                  OT1/cmss/m/n --> OT4/cmss/m/n on input line 360.
LaTeX Font Info:    Overwriting math alphabet `\mathit' in version `normal'
(Font)                  OT1/cmr/m/it --> OT4/cmr/m/it on input line 360.
LaTeX Font Info:    Overwriting math alphabet `\mathtt' in version `normal'
(Font)                  OT1/cmtt/m/n --> OT4/cmtt/m/n on input line 360.
LaTeX Font Info:    Overwriting math alphabet `\mathsf' in version `bold'
(Font)                  OT1/cmss/bx/n --> OT4/cmss/bx/n on input line 360.
LaTeX Font Info:    Overwriting math alphabet `\mathit' in version `bold'
(Font)                  OT1/cmr/bx/it --> OT4/cmr/bx/it on input line 360.
LaTeX Font Info:    Encoding `OT1' has changed to `OT4' for symbol font
(Font)              `operators' in the math version `normal' on input line 360.

LaTeX Font Info:    Overwriting symbol font `operators' in version `normal'
(Font)                  OT1/cmr/m/n --> OT4/cmr/m/n on input line 360.
LaTeX Font Info:    Overwriting symbol font `letters' in version `normal'
(Font)                  OML/cmm/m/it --> OML/plm/m/it on input line 360.
LaTeX Font Info:    Overwriting symbol font `symbols' in version `normal'
(Font)                  OMS/cmsy/m/n --> OMS/plsy/m/n on input line 360.
LaTeX Font Info:    Overwriting symbol font `largesymbols' in version `normal'
(Font)                  OMX/cmex/m/n --> OMX/plex/m/n on input line 360.
LaTeX Font Info:    Encoding `OT1' has changed to `OT4' for symbol font
(Font)              `operators' in the math version `bold' on input line 360.
LaTeX Font Info:    Overwriting symbol font `operators' in version `bold'
(Font)                  OT1/cmr/bx/n --> OT4/cmr/bx/n on input line 360.
LaTeX Font Info:    Overwriting symbol font `letters' in version `bold'
(Font)                  OML/cmm/b/it --> OML/plm/b/it on input line 360.
LaTeX Font Info:    Overwriting symbol font `symbols' in version `bold'
(Font)                  OMS/cmsy/b/n --> OMS/plsy/b/n on input line 360.
)
(/usr/share/texlive/texmf-dist/tex/latex/psnfss/helvet.sty
Package: helvet 2005/04/12 PSNFSS-v9.2a (WaS) 

(/usr/share/texlive/texmf-dist/tex/latex/graphics/keyval.sty
Package: keyval 2014/10/28 v1.15 key=value parser (DPC)
\KV@toks@=\toks14
))
(/usr/share/texlive/texmf-dist/tex/latex/base/fontenc.sty
Package: fontenc 2017/04/05 v2.0i Standard LaTeX package

(/usr/share/texlive/texmf-dist/tex/latex/base/t1enc.def
File: t1enc.def 2017/04/05 v2.0i Standard LaTeX file
LaTeX Font Info:    Redeclaring font encoding T1 on input line 48.
))
(/usr/share/texlive/texmf-dist/tex/latex/anyfontsize/anyfontsize.sty
Package: anyfontsize 2007/11/22 anyfontsize.sty by pts
)
(/usr/share/texlive/texmf-dist/tex/latex/base/inputenc.sty
Package: inputenc 2018/04/06 v1.3b Input encoding file
\inpenc@prehook=\toks15
\inpenc@posthook=\toks16
)
(/usr/share/texlive/texmf-dist/tex/latex/graphics/graphicx.sty
Package: graphicx 2017/06/01 v1.1a Enhanced LaTeX Graphics (DPC,SPQR)

(/usr/share/texlive/texmf-dist/tex/latex/graphics/graphics.sty
Package: graphics 2017/06/25 v1.2c Standard LaTeX Graphics (DPC,SPQR)

(/usr/share/texlive/texmf-dist/tex/latex/graphics/trig.sty
Package: trig 2016/01/03 v1.10 sin cos tan (DPC)
)
(/usr/share/texlive/texmf-dist/tex/latex/graphics-cfg/graphics.cfg
File: graphics.cfg 2016/06/04 v1.11 sample graphics configuration
)
Package graphics Info: Driver file: pdftex.def on input line 99.

(/usr/share/texlive/texmf-dist/tex/latex/graphics-def/pdftex.def
File: pdftex.def 2018/01/08 v1.0l Graphics/color driver for pdftex
))
\Gin@req@height=\dimen103
\Gin@req@width=\dimen104
)
(/usr/share/texlive/texmf-dist/tex/latex/tools/tabularx.sty
Package: tabularx 2016/02/03 v2.11b `tabularx' package (DPC)

(/usr/share/texlive/texmf-dist/tex/latex/tools/array.sty
Package: array 2018/04/30 v2.4h Tabular extension package (FMi)
\col@sep=\dimen105
\ar@mcellbox=\box26
\extrarowheight=\dimen106
\NC@list=\toks17
\extratabsurround=\skip43
\backup@length=\skip44
\ar@cellbox=\box27
)
\TX@col@width=\dimen107
\TX@old@table=\dimen108
\TX@old@col=\dimen109
\TX@target=\dimen110
\TX@delta=\dimen111
\TX@cols=\count89
\TX@ftn=\toks18
)
(/usr/share/texlive/texmf-dist/tex/generic/babel/babel.sty
Package: babel 2018/10/16 3.26 The Babel package

(/usr/share/texlive/texmf-dist/tex/generic/babel/switch.def
File: switch.def 2018/10/16 3.26 Babel switching mechanism
)
(/usr/share/texlive/texmf-dist/tex/generic/babel-polish/polish.ldf
Language: polish 2005/03/31 v1.2l Polish support from the babel system

(/usr/share/texlive/texmf-dist/tex/generic/babel/babel.def
File: babel.def 2018/10/16 3.26 Babel common definitions
\babel@savecnt=\count90
\U@D=\dimen112

(/usr/share/texlive/texmf-dist/tex/generic/babel/txtbabel.def)
\bbl@dirlevel=\count91
)
Package babel Info: Making " an active character on input line 83.
\pl@left=\dimen113
\pl@down=\dimen114
\pl@right=\dimen115
\pl@temp=\dimen116
))
(/usr/share/texlive/texmf-dist/tex/latex/subfigure/subfigure.sty
Package: subfigure 2002/03/15 v2.1.5 subfigure package
\subfigtopskip=\skip45
\subfigcapskip=\skip46
\subfigcaptopadj=\dimen117
\subfigbottomskip=\skip47
\subfigcapmargin=\dimen118
\subfiglabelskip=\skip48
\c@subfigure=\count92
\c@lofdepth=\count93
\c@subtable=\count94
\c@lotdepth=\count95

****************************************
* Local config file subfigure.cfg used *
****************************************
(/usr/share/texlive/texmf-dist/tex/latex/subfigure/subfigure.cfg)
\subfig@top=\skip49
\subfig@bottom=\skip50
)
(/usr/share/texlive/texmf-dist/tex/latex/amsfonts/amsfonts.sty
Package: amsfonts 2013/01/14 v3.01 Basic AMSFonts support
\@emptytoks=\toks19
\symAMSa=\mathgroup4
\symAMSb=\mathgroup5
LaTeX Font Info:    Overwriting math alphabet `\mathfrak' in version `bold'
(Font)                  U/euf/m/n --> U/euf/b/n on input line 106.
)
(/usr/share/texlive/texmf-dist/tex/latex/tools/verbatim.sty
Package: verbatim 2014/10/28 v1.5q LaTeX2e package for verbatim enhancements
\every@verbatim=\toks20
\verbatim@line=\toks21
\verbatim@in@stream=\read1
)
(/usr/share/texlive/texmf-dist/tex/latex/tools/indentfirst.sty
Package: indentfirst 1995/11/23 v1.03 Indent first paragraph (DPC)
)
(/usr/share/texlive/texmf-dist/tex/latex/hyperref/hyperref.sty
Package: hyperref 2018/09/30 v6.88a Hypertext links for LaTeX

(/usr/share/texlive/texmf-dist/tex/generic/oberdiek/hobsub-hyperref.sty
Package: hobsub-hyperref 2016/05/16 v1.14 Bundle oberdiek, subset hyperref (HO)


(/usr/share/texlive/texmf-dist/tex/generic/oberdiek/hobsub-generic.sty
Package: hobsub-generic 2016/05/16 v1.14 Bundle oberdiek, subset generic (HO)
Package: hobsub 2016/05/16 v1.14 Construct package bundles (HO)
Package: infwarerr 2016/05/16 v1.4 Providing info/warning/error messages (HO)
Package: ltxcmds 2016/05/16 v1.23 LaTeX kernel commands for general use (HO)
Package: ifluatex 2016/05/16 v1.4 Provides the ifluatex switch (HO)
Package ifluatex Info: LuaTeX not detected.
Package: ifvtex 2016/05/16 v1.6 Detect VTeX and its facilities (HO)
Package ifvtex Info: VTeX not detected.
Package: intcalc 2016/05/16 v1.2 Expandable calculations with integers (HO)
Package: ifpdf 2018/09/07 v3.3 Provides the ifpdf switch
Package: etexcmds 2016/05/16 v1.6 Avoid name clashes with e-TeX commands (HO)
Package: kvsetkeys 2016/05/16 v1.17 Key value parser (HO)
Package: kvdefinekeys 2016/05/16 v1.4 Define keys (HO)
Package: pdftexcmds 2018/09/10 v0.29 Utility functions of pdfTeX for LuaTeX (HO
)
Package pdftexcmds Info: LuaTeX not detected.
Package pdftexcmds Info: \pdf@primitive is available.
Package pdftexcmds Info: \pdf@ifprimitive is available.
Package pdftexcmds Info: \pdfdraftmode found.
Package: pdfescape 2016/05/16 v1.14 Implements pdfTeX's escape features (HO)
Package: bigintcalc 2016/05/16 v1.4 Expandable calculations on big integers (HO
)
Package: bitset 2016/05/16 v1.2 Handle bit-vector datatype (HO)
Package: uniquecounter 2016/05/16 v1.3 Provide unlimited unique counter (HO)
)
Package hobsub Info: Skipping package `hobsub' (already loaded).
Package: letltxmacro 2016/05/16 v1.5 Let assignment for LaTeX macros (HO)
Package: hopatch 2016/05/16 v1.3 Wrapper for package hooks (HO)
Package: xcolor-patch 2016/05/16 xcolor patch
Package: atveryend 2016/05/16 v1.9 Hooks at the very end of document (HO)
Package atveryend Info: \enddocument detected (standard20110627).
Package: atbegshi 2016/06/09 v1.18 At begin shipout hook (HO)
Package: refcount 2016/05/16 v3.5 Data extraction from label references (HO)
Package: hycolor 2016/05/16 v1.8 Color options for hyperref/bookmark (HO)
)
(/usr/share/texlive/texmf-dist/tex/generic/ifxetex/ifxetex.sty
Package: ifxetex 2010/09/12 v0.6 Provides ifxetex conditional
)
(/usr/share/texlive/texmf-dist/tex/latex/oberdiek/auxhook.sty
Package: auxhook 2016/05/16 v1.4 Hooks for auxiliary files (HO)
)
(/usr/share/texlive/texmf-dist/tex/latex/oberdiek/kvoptions.sty
Package: kvoptions 2016/05/16 v3.12 Key value format for package options (HO)
)
\@linkdim=\dimen119
\Hy@linkcounter=\count96
\Hy@pagecounter=\count97

(/usr/share/texlive/texmf-dist/tex/latex/hyperref/pd1enc.def
File: pd1enc.def 2018/09/30 v6.88a Hyperref: PDFDocEncoding definition (HO)
Now handling font encoding PD1 ...
... no UTF-8 mapping file for font encoding PD1
)
\Hy@SavedSpaceFactor=\count98

(/usr/share/texlive/texmf-dist/tex/latex/latexconfig/hyperref.cfg
File: hyperref.cfg 2002/06/06 v1.2 hyperref configuration of TeXLive
)
Package hyperref Info: Hyper figures OFF on input line 4535.
Package hyperref Info: Link nesting OFF on input line 4540.
Package hyperref Info: Hyper index ON on input line 4543.
Package hyperref Info: Plain pages OFF on input line 4550.
Package hyperref Info: Backreferencing OFF on input line 4555.
Package hyperref Info: Implicit mode ON; LaTeX internals redefined.
Package hyperref Info: Bookmarks ON on input line 4788.
\c@Hy@tempcnt=\count99

(/usr/share/texlive/texmf-dist/tex/latex/url/url.sty
\Urlmuskip=\muskip10
Package: url 2013/09/16  ver 3.4  Verb mode for urls, etc.
)
LaTeX Info: Redefining \url on input line 5141.
\XeTeXLinkMargin=\dimen120
\Fld@menulength=\count100
\Field@Width=\dimen121
\Fld@charsize=\dimen122
Package hyperref Info: Hyper figures OFF on input line 6396.
Package hyperref Info: Link nesting OFF on input line 6401.
Package hyperref Info: Hyper index ON on input line 6404.
Package hyperref Info: backreferencing OFF on input line 6411.
Package hyperref Info: Link coloring OFF on input line 6416.
Package hyperref Info: Link coloring with OCG OFF on input line 6421.
Package hyperref Info: PDF/A mode OFF on input line 6426.
LaTeX Info: Redefining \ref on input line 6466.
LaTeX Info: Redefining \pageref on input line 6470.
\Hy@abspage=\count101
\c@Item=\count102
\c@Hfootnote=\count103
)
Package hyperref Info: Driver: hpdftex.

(/usr/share/texlive/texmf-dist/tex/latex/hyperref/hpdftex.def
File: hpdftex.def 2018/09/30 v6.88a Hyperref driver for pdfTeX
\Fld@listcount=\count104
\c@bookmark@seq@number=\count105

(/usr/share/texlive/texmf-dist/tex/latex/oberdiek/rerunfilecheck.sty
Package: rerunfilecheck 2016/05/16 v1.8 Rerun checks for auxiliary files (HO)
Package uniquecounter Info: New unique counter `rerunfilecheck' on input line 2
82.
)
\Hy@SectionHShift=\skip51
)
(/usr/share/texlive/texmf-dist/tex/latex/amsmath/amsmath.sty
Package: amsmath 2017/09/02 v2.17a AMS math features
\@mathmargin=\skip52

For additional information on amsmath, use the `?' option.
(/usr/share/texlive/texmf-dist/tex/latex/amsmath/amstext.sty
Package: amstext 2000/06/29 v2.01 AMS text

(/usr/share/texlive/texmf-dist/tex/latex/amsmath/amsgen.sty
File: amsgen.sty 1999/11/30 v2.0 generic functions
\@emptytoks=\toks22
\ex@=\dimen123
))
(/usr/share/texlive/texmf-dist/tex/latex/amsmath/amsbsy.sty
Package: amsbsy 1999/11/29 v1.2d Bold Symbols
\pmbraise@=\dimen124
)
(/usr/share/texlive/texmf-dist/tex/latex/amsmath/amsopn.sty
Package: amsopn 2016/03/08 v2.02 operator names
)
\inf@bad=\count106
LaTeX Info: Redefining \frac on input line 213.
\uproot@=\count107
\leftroot@=\count108
LaTeX Info: Redefining \overline on input line 375.
\classnum@=\count109
\DOTSCASE@=\count110
LaTeX Info: Redefining \ldots on input line 472.
LaTeX Info: Redefining \dots on input line 475.
LaTeX Info: Redefining \cdots on input line 596.
\Mathstrutbox@=\box28
\strutbox@=\box29
\big@size=\dimen125
LaTeX Font Info:    Redeclaring font encoding OML on input line 712.
LaTeX Font Info:    Redeclaring font encoding OMS on input line 713.
\macc@depth=\count111
\c@MaxMatrixCols=\count112
\dotsspace@=\muskip11
\c@parentequation=\count113
\dspbrk@lvl=\count114
\tag@help=\toks23
\row@=\count115
\column@=\count116
\maxfields@=\count117
\andhelp@=\toks24
\eqnshift@=\dimen126
\alignsep@=\dimen127
\tagshift@=\dimen128
\tagwidth@=\dimen129
\totwidth@=\dimen130
\lineht@=\dimen131
\@envbody=\toks25
\multlinegap=\skip53
\multlinetaggap=\skip54
\mathdisplay@stack=\toks26
LaTeX Info: Redefining \[ on input line 2817.
LaTeX Info: Redefining \] on input line 2818.
)
(/usr/share/texlive/texmf-dist/tex/latex/float/float.sty
Package: float 2001/11/08 v1.3d Float enhancements (AL)
\c@float@type=\count118
\float@exts=\toks27
\float@box=\box30
\@float@everytoks=\toks28
\@floatcapt=\box31
)
(/usr/share/texlive/texmf-dist/tex/latex/tools/longtable.sty
Package: longtable 2014/10/28 v4.11 Multi-page Table package (DPC)
\LTleft=\skip55
\LTright=\skip56
\LTpre=\skip57
\LTpost=\skip58
\LTchunksize=\count119
\LTcapwidth=\dimen132
\LT@head=\box32
\LT@firsthead=\box33
\LT@foot=\box34
\LT@lastfoot=\box35
\LT@cols=\count120
\LT@rows=\count121
\c@LT@tables=\count122
\c@LT@chunks=\count123
\LT@p@ftn=\toks29
)
(/usr/share/texlive/texmf-dist/tex/latex/booktabs/booktabs.sty
Package: booktabs 2016/04/27 v1.618033 publication quality tables
\heavyrulewidth=\dimen133
\lightrulewidth=\dimen134
\cmidrulewidth=\dimen135
\belowrulesep=\dimen136
\belowbottomsep=\dimen137
\aboverulesep=\dimen138
\abovetopsep=\dimen139
\cmidrulesep=\dimen140
\cmidrulekern=\dimen141
\defaultaddspace=\dimen142
\@cmidla=\count124
\@cmidlb=\count125
\@aboverulesep=\dimen143
\@belowrulesep=\dimen144
\@thisruleclass=\count126
\@lastruleclass=\count127
\@thisrulewidth=\dimen145
)
(/usr/share/texlive/texmf-dist/tex/latex/listings/listings.sty
\lst@mode=\count128
\lst@gtempboxa=\box36
\lst@token=\toks30
\lst@length=\count129
\lst@currlwidth=\dimen146
\lst@column=\count130
\lst@pos=\count131
\lst@lostspace=\dimen147
\lst@width=\dimen148
\lst@newlines=\count132
\lst@lineno=\count133
\lst@maxwidth=\dimen149

(/usr/share/texlive/texmf-dist/tex/latex/listings/lstmisc.sty
File: lstmisc.sty 2018/09/02 1.7 (Carsten Heinz)
\c@lstnumber=\count134
\lst@skipnumbers=\count135
\lst@framebox=\box37
)
(/usr/share/texlive/texmf-dist/tex/latex/listings/listings.cfg
File: listings.cfg 2018/09/02 1.7 listings configuration
))
Package: listings 2018/09/02 1.7 (Carsten Heinz)

(/usr/share/texlive/texmf-dist/tex/latex/graphics/color.sty
Package: color 2016/07/10 v1.1e Standard LaTeX Color (DPC)

(/usr/share/texlive/texmf-dist/tex/latex/graphics-cfg/color.cfg
File: color.cfg 2016/01/02 v1.6 sample color configuration
)
Package color Info: Driver file: pdftex.def on input line 147.
)
(/usr/share/texlive/texmf-dist/tex/latex/listings/lstlang1.sty
File: lstlang1.sty 2018/09/02 1.7 listings language file
)
(/usr/share/texlive/texmf-dist/tex/latex/multirow/multirow.sty
Package: multirow 2018/08/03 v2.3 Span multiple rows of a table
\multirow@colwidth=\skip59
\multirow@cntb=\count136
\multirow@dima=\skip60
\bigstrutjot=\dimen150
)
(/usr/share/texlive/texmf-dist/tex/latex/enumitem/enumitem.sty
Package: enumitem 2011/09/28 v3.5.2 Customized lists
\labelindent=\skip61
\enit@outerparindent=\dimen151
\enit@toks=\toks31
\enit@inbox=\box38
\enitdp@description=\count137
)
(./prmag2017.sty
Package `prmag2017' (ZETiIS PW Thesis) ver. 0.2 (Jan 2017)
) (./praca_dyplomowa.aux)
\openout1 = `praca_dyplomowa.aux'.

LaTeX Font Info:    Checking defaults for OML/cmm/m/it on input line 122.
LaTeX Font Info:    ... okay on input line 122.
LaTeX Font Info:    Checking defaults for T1/cmr/m/n on input line 122.
LaTeX Font Info:    ... okay on input line 122.
LaTeX Font Info:    Checking defaults for OT1/cmr/m/n on input line 122.
LaTeX Font Info:    ... okay on input line 122.
LaTeX Font Info:    Checking defaults for OMS/cmsy/m/n on input line 122.
LaTeX Font Info:    ... okay on input line 122.
LaTeX Font Info:    Checking defaults for OMX/cmex/m/n on input line 122.
LaTeX Font Info:    ... okay on input line 122.
LaTeX Font Info:    Checking defaults for U/cmr/m/n on input line 122.
LaTeX Font Info:    ... okay on input line 122.
LaTeX Font Info:    Checking defaults for OT4/cmr/m/n on input line 122.
LaTeX Font Info:    ... okay on input line 122.
LaTeX Font Info:    Checking defaults for PD1/pdf/m/n on input line 122.
LaTeX Font Info:    ... okay on input line 122.

(/usr/share/texlive/texmf-dist/tex/context/base/mkii/supp-pdf.mkii
[Loading MPS to PDF converter (version 2006.09.02).]
\scratchcounter=\count138
\scratchdimen=\dimen152
\scratchbox=\box39
\nofMPsegments=\count139
\nofMParguments=\count140
\everyMPshowfont=\toks32
\MPscratchCnt=\count141
\MPscratchDim=\dimen153
\MPnumerator=\count142
\makeMPintoPDFobject=\count143
\everyMPtoPDFconversion=\toks33
) (/usr/share/texlive/texmf-dist/tex/latex/oberdiek/epstopdf-base.sty
Package: epstopdf-base 2016/05/15 v2.6 Base part for package epstopdf

(/usr/share/texlive/texmf-dist/tex/latex/oberdiek/grfext.sty
Package: grfext 2016/05/16 v1.2 Manage graphics extensions (HO)
)
Package epstopdf-base Info: Redefining graphics rule for `.eps' on input line 4
38.
Package grfext Info: Graphics extension search list:
(grfext)             [.pdf,.png,.jpg,.mps,.jpeg,.jbig2,.jb2,.PDF,.PNG,.JPG,.JPE
G,.JBIG2,.JB2,.eps]
(grfext)             \AppendGraphicsExtensions on input line 456.

(/usr/share/texlive/texmf-dist/tex/latex/latexconfig/epstopdf-sys.cfg
File: epstopdf-sys.cfg 2010/07/13 v1.3 Configuration of (r)epstopdf for TeX Liv
e
))
\AtBeginShipoutBox=\box40
Package hyperref Info: Link coloring OFF on input line 122.

(/usr/share/texlive/texmf-dist/tex/latex/hyperref/nameref.sty
Package: nameref 2016/05/21 v2.44 Cross-referencing by name of section

(/usr/share/texlive/texmf-dist/tex/generic/oberdiek/gettitlestring.sty
Package: gettitlestring 2016/05/16 v1.5 Cleanup title references (HO)
)
\c@section@level=\count144
)
LaTeX Info: Redefining \ref on input line 122.
LaTeX Info: Redefining \pageref on input line 122.
LaTeX Info: Redefining \nameref on input line 122.

(./praca_dyplomowa.out) (./praca_dyplomowa.out)
\@outlinefile=\write3
\openout3 = `praca_dyplomowa.out'.

\c@lstlisting=\count145
Package hyperref Info: Option `pageanchor' set `false' on input line 123.
LaTeX Font Info:    Try loading font information for T1+phv on input line 123.

(/usr/share/texlive/texmf-dist/tex/latex/psnfss/t1phv.fd
File: t1phv.fd 2001/06/04 scalable font definitions for T1/phv.
)
<PWHead.png, id=144, 2015.53pt x 320.19624pt>
File: PWHead.png Graphic file (type png)
<use PWHead.png>
Package pdftex.def Info: PWHead.png  used on input line 123.
(pdftex.def)             Requested size: 455.24408pt x 72.31953pt.

Overfull \hbox (31.10086pt too wide) in paragraph at lines 123--123
[] 
 []

<mgrhead.png, id=145, 1392.20125pt x 303.1325pt>
File: mgrhead.png Graphic file (type png)
<use mgrhead.png>
Package pdftex.def Info: mgrhead.png  used on input line 123.
(pdftex.def)             Requested size: 455.24408pt x 99.12282pt.

Overfull \hbox (31.10086pt too wide) in paragraph at lines 123--123
 [] 
 []

LaTeX Font Info:    Try loading font information for OML+plm on input line 123.

(/usr/share/texlive/texmf-dist/tex/latex/polski/omlplm.fd
File: omlplm.fd 2008/02/24 v1.2.1 Font defs for fonts PL (MW)
)
LaTeX Font Info:    Try loading font information for OMS+plsy on input line 123
.

(/usr/share/texlive/texmf-dist/tex/latex/polski/omsplsy.fd
File: omsplsy.fd 2008/02/24 v1.2.1 Font defs for fonts PL (MW)
)
LaTeX Font Info:    Try loading font information for OMX+plex on input line 123
.

(/usr/share/texlive/texmf-dist/tex/latex/polski/omxplex.fd
File: omxplex.fd 2008/02/24 v1.2.1 Font defs for fonts PL (MW)
)
LaTeX Font Info:    External font `plex10' loaded for size
(Font)              <12> on input line 123.
LaTeX Font Info:    External font `plex10' loaded for size
(Font)              <8> on input line 123.
LaTeX Font Info:    External font `plex10' loaded for size
(Font)              <6> on input line 123.
LaTeX Font Info:    Try loading font information for U+msa on input line 123.

(/usr/share/texlive/texmf-dist/tex/latex/amsfonts/umsa.fd
File: umsa.fd 2013/01/14 v3.01 AMS symbols A
)
LaTeX Font Info:    Try loading font information for U+msb on input line 123.

(/usr/share/texlive/texmf-dist/tex/latex/amsfonts/umsb.fd
File: umsb.fd 2013/01/14 v3.01 AMS symbols B
) (./streszczenia.tex
[1

{/var/lib/texmf/fonts/map/pdftex/updmap/pdftex.map} <./PWHead.png (PNG copy)> <
./mgrhead.png (PNG copy)>] [2]) [3] [4

]
LaTeX Font Info:    Try loading font information for OMS+cmr on input line 123.


(/usr/share/texlive/texmf-dist/tex/latex/base/omscmr.fd
File: omscmr.fd 2014/09/29 v2.5h Standard LaTeX font definitions
)
LaTeX Font Info:    Font shape `OMS/cmr/m/n' in size <12> not available
(Font)              Font shape `OMS/cmsy/m/n' tried instead on input line 123.
 [5

] [6

]
(./praca_dyplomowa.toc [1


])
\tf@toc=\write4
\openout4 = `praca_dyplomowa.toc'.

 [2] (./podziekowania.tex) [3] [4

]
Package hyperref Info: Option `pageanchor' set `true' on input line 123.

Rozdzia\l  1.

LaTeX Warning: Citation `zebranet' on page 1 undefined on input line 136.


Overfull \hbox (3.13301pt too wide) in paragraph at lines 142--146
\T1/cmr/m/n/12 ogra-ni-cze-niem jest sko«-czona ilo±¢ ener-gii czuj-nika. Istot
-nym ele-men-tem pracy
 []

[1

] [2]
Rozdzia\l  2.
LaTeX Font Info:    Try loading font information for T1+cmtt on input line 175.

(/usr/share/texlive/texmf-dist/tex/latex/base/t1cmtt.fd
File: t1cmtt.fd 2014/09/29 v2.5h Standard LaTeX font definitions
) [3

] [4] [5] [6]
[7]
Rozdzia\l  3.
[8

]
Overfull \hbox (12.74223pt too wide) detected at line 338
\OML/plm/m/it/12 E[]\OT4/cmr/m/n/12 (\OML/plm/m/it/12 k; d\OT4/cmr/m/n/12 ) = \
OML/plm/m/it/12 E[]\OT4/cmr/m/n/12 (\OML/plm/m/it/12 k\OT4/cmr/m/n/12 ) + \OML/
plm/m/it/12 E[]\OT4/cmr/m/n/12 (\OML/plm/m/it/12 k; d\OT4/cmr/m/n/12 ) = []
 []

[9]
<images/komunikacja_bezposrednia.png, id=378, 369.38pt x 375.4025pt>
File: images/komunikacja_bezposrednia.png Graphic file (type png)
<use images/komunikacja_bezposrednia.png>
Package pdftex.def Info: images/komunikacja_bezposrednia.png  used on input lin
e 386.
(pdftex.def)             Requested size: 284.52756pt x 289.16965pt.
 [10] [11 <./images/komunikacja_bezposrednia.png>]
<images/komunikacja_leach.png, id=396, 369.38pt x 375.4025pt>
File: images/komunikacja_leach.png Graphic file (type png)
<use images/komunikacja_leach.png>
Package pdftex.def Info: images/komunikacja_leach.png  used on input line 440.
(pdftex.def)             Requested size: 284.52756pt x 289.16965pt.

Underfull \vbox (badness 1406) has occurred while \output is active []

 [12]
[13 <./images/komunikacja_leach.png>]
<images/komunikacja_pegasis.png, id=414, 369.38pt x 375.4025pt>
File: images/komunikacja_pegasis.png Graphic file (type png)
<use images/komunikacja_pegasis.png>
Package pdftex.def Info: images/komunikacja_pegasis.png  used on input line 461
.
(pdftex.def)             Requested size: 284.52756pt x 289.16965pt.
 [14 <./images/komunikacja_pegasis.png>]
Rozdzia\l  4.
<images/architektura_systemu.png, id=420, 873.2625pt x 548.0475pt>
File: images/architektura_systemu.png Graphic file (type png)
<use images/architektura_systemu.png>
Package pdftex.def Info: images/architektura_systemu.png  used on input line 47
8.
(pdftex.def)             Requested size: 369.88582pt x 232.13521pt.
[15

 <./images/architektura_systemu.png>]
Overfull \hbox (4.90337pt too wide) in paragraph at lines 488--492
[]\T1/cmr/m/n/12 Opcja sy-mu-la-cji bez pliku kon-fi-gu-ra-cyj-nego po-wo-duje 
wy-ge-ne-ro-wa-nie pliku
 []

[16] [17] [18] [19]
Overfull \hbox (8.32751pt too wide) in paragraph at lines 619--620
[]\T1/cmr/m/n/12 Fragment pliku kon-fi-gu-ra-cyj-nego dla kon-fi-gu-ra-cji opó¹
-nie« cza-so-wych pracy
 []

[20]
Overfull \hbox (3.78496pt too wide) in paragraph at lines 692--695
[]\T1/cmr/m/n/12 Do struk-tury w¦-zªa przy-na-le»¡ rów-nie» 3 funk-cje pu-blicz
ne. Funk-cja \T1/cmr/m/it/12 Trans-
 []


Underfull \vbox (badness 1622) has occurred while \output is active []

 [21]
[22]
Underfull \vbox (badness 7963) has occurred while \output is active []

 [23]
[24]
Overfull \hbox (3.49681pt too wide) in paragraph at lines 816--822
[]\T1/cmr/m/n/12 Dodatkowo struk-tura Sy-mu-la-tora (\T1/cmr/m/it/12 Si-mu-la-t
or\T1/cmr/m/n/12 ) po-siada 4 funk-cje pu-bliczne.
 []


Underfull \vbox (badness 10000) has occurred while \output is active []

 [25]
[26]
<images/przykladowa_sieci_wygenerowana.png, id=642, 369.38pt x 375.4025pt>
File: images/przykladowa_sieci_wygenerowana.png Graphic file (type png)
<use images/przykladowa_sieci_wygenerowana.png>
Package pdftex.def Info: images/przykladowa_sieci_wygenerowana.png  used on inp
ut line 914.
(pdftex.def)             Requested size: 284.52756pt x 289.16965pt.

Underfull \vbox (badness 10000) has occurred while \output is active []

 [27]
Overfull \hbox (2.42133pt too wide) in paragraph at lines 924--925
[]\T1/cmr/m/n/12 Przykªad uru-cha-mia-nia pro-jektu z dwoma pli-kami kon-fi-gu-
ra-cyj-nymi, które
 []

[28pdfTeX warning (ext4): destination with the same identifier (name{figure.4.1
}) has been already used, duplicate ignored

\AtBegShi@Output ...ipout \box \AtBeginShipoutBox 
                                                  \fi \fi 
l.934 \begin{lstlisting}
                         <./images/przykladowa_sieci_wygenerowana.png>]
[29] [30]
Rozdzia\l  5.
[31

]
<images/scenariusz_lokalizacja.png, id=721, 481.8pt x 361.35pt>
File: images/scenariusz_lokalizacja.png Graphic file (type png)
<use images/scenariusz_lokalizacja.png>
Package pdftex.def Info: images/scenariusz_lokalizacja.png  used on input line 
1013.
(pdftex.def)             Requested size: 284.52756pt x 213.39867pt.
 [32pdfTeX warning (ext4): destination with the same identifier (name{figure.5.
1}) has been already used, duplicate ignored

\AtBegShi@Output ...ipout \box \AtBeginShipoutBox 
                                                  \fi \fi 
l.1017 \newpage
                <./images/scenariusz_lokalizacja.png (PNG copy)>] [33]
Overfull \hbox (19.68492pt too wide) in alignment at lines 1064--1080
 [] [] [] [] [] [] [] [] [] [] [] 
 []


Underfull \vbox (badness 10000) detected at line 1080
 []

<images/gnuplot/test_1/nodes_in_round_m32.png, id=762, 481.8pt x 361.35pt>
File: images/gnuplot/test_1/nodes_in_round_m32.png Graphic file (type png)
<use images/gnuplot/test_1/nodes_in_round_m32.png>
Package pdftex.def Info: images/gnuplot/test_1/nodes_in_round_m32.png  used on 
input line 1084.
(pdftex.def)             Requested size: 284.52756pt x 213.39867pt.
<images/gnuplot/test_1/energy_in_round_m32.png, id=763, 481.8pt x 361.35pt>
File: images/gnuplot/test_1/energy_in_round_m32.png Graphic file (type png)
<use images/gnuplot/test_1/energy_in_round_m32.png>
Package pdftex.def Info: images/gnuplot/test_1/energy_in_round_m32.png  used on
 input line 1086.
(pdftex.def)             Requested size: 284.52756pt x 213.39867pt.

Underfull \vbox (badness 10000) has occurred while \output is active []

 [34]
[35pdfTeX warning (ext4): destination with the same identifier (name{figure.5.2
}) has been already used, duplicate ignored

\AtBegShi@Output ...ipout \box \AtBeginShipoutBox 
                                                  \fi \fi 
l.1096 \par
           pdfTeX warning (ext4): destination with the same identifier (name{fi
gure.5.3}) has been already used, duplicate ignored

\AtBegShi@Output ...ipout \box \AtBeginShipoutBox 
                                                  \fi \fi 
l.1096 \par
            <./images/gnuplot/test_1/nodes_in_round_m32.png (PNG copy)> <./imag
es/gnuplot/test_1/energy_in_round_m32.png (PNG copy)>]
Underfull \vbox (badness 10000) detected at line 1116
 []

<images/gnuplot/test_1/nodes_in_round_m64.png, id=777, 481.8pt x 361.35pt>
File: images/gnuplot/test_1/nodes_in_round_m64.png Graphic file (type png)
<use images/gnuplot/test_1/nodes_in_round_m64.png>
Package pdftex.def Info: images/gnuplot/test_1/nodes_in_round_m64.png  used on 
input line 1120.
(pdftex.def)             Requested size: 284.52756pt x 213.39867pt.
<images/gnuplot/test_1/energy_in_round_m64.png, id=778, 481.8pt x 361.35pt>
File: images/gnuplot/test_1/energy_in_round_m64.png Graphic file (type png)
<use images/gnuplot/test_1/energy_in_round_m64.png>
Package pdftex.def Info: images/gnuplot/test_1/energy_in_round_m64.png  used on
 input line 1122.
(pdftex.def)             Requested size: 284.52756pt x 213.39867pt.

Underfull \vbox (badness 10000) has occurred while \output is active []

 [36]
[37pdfTeX warning (ext4): destination with the same identifier (name{figure.5.4
}) has been already used, duplicate ignored

\AtBegShi@Output ...ipout \box \AtBeginShipoutBox 
                                                  \fi \fi 
l.1132 \par
           pdfTeX warning (ext4): destination with the same identifier (name{fi
gure.5.5}) has been already used, duplicate ignored

\AtBegShi@Output ...ipout \box \AtBeginShipoutBox 
                                                  \fi \fi 
l.1132 \par
            <./images/gnuplot/test_1/nodes_in_round_m64.png (PNG copy)> <./imag
es/gnuplot/test_1/energy_in_round_m64.png (PNG copy)>]
Underfull \vbox (badness 10000) detected at line 1152
 []

<images/gnuplot/test_1/nodes_in_round_m128.png, id=790, 481.8pt x 361.35pt>
File: images/gnuplot/test_1/nodes_in_round_m128.png Graphic file (type png)
<use images/gnuplot/test_1/nodes_in_round_m128.png>
Package pdftex.def Info: images/gnuplot/test_1/nodes_in_round_m128.png  used on
 input line 1156.
(pdftex.def)             Requested size: 284.52756pt x 213.39867pt.
<images/gnuplot/test_1/energy_in_round_m128.png, id=791, 481.8pt x 361.35pt>
File: images/gnuplot/test_1/energy_in_round_m128.png Graphic file (type png)
<use images/gnuplot/test_1/energy_in_round_m128.png>
Package pdftex.def Info: images/gnuplot/test_1/energy_in_round_m128.png  used o
n input line 1158.
(pdftex.def)             Requested size: 284.52756pt x 213.39867pt.

Underfull \vbox (badness 10000) has occurred while \output is active []

 [38]
[39pdfTeX warning (ext4): destination with the same identifier (name{figure.5.6
}) has been already used, duplicate ignored

\AtBegShi@Output ...ipout \box \AtBeginShipoutBox 
                                                  \fi \fi 
l.1168 \par
           pdfTeX warning (ext4): destination with the same identifier (name{fi
gure.5.7}) has been already used, duplicate ignored

\AtBegShi@Output ...ipout \box \AtBeginShipoutBox 
                                                  \fi \fi 
l.1168 \par
            <./images/gnuplot/test_1/nodes_in_round_m128.png (PNG copy)> <./ima
ges/gnuplot/test_1/energy_in_round_m128.png (PNG copy)>]
Underfull \vbox (badness 10000) detected at line 1188
 []

<images/gnuplot/test_1/nodes_in_round_m256.png, id=804, 481.8pt x 361.35pt>
File: images/gnuplot/test_1/nodes_in_round_m256.png Graphic file (type png)
<use images/gnuplot/test_1/nodes_in_round_m256.png>
Package pdftex.def Info: images/gnuplot/test_1/nodes_in_round_m256.png  used on
 input line 1192.
(pdftex.def)             Requested size: 284.52756pt x 213.39867pt.
<images/gnuplot/test_1/energy_in_round_m256.png, id=805, 481.8pt x 361.35pt>
File: images/gnuplot/test_1/energy_in_round_m256.png Graphic file (type png)
<use images/gnuplot/test_1/energy_in_round_m256.png>
Package pdftex.def Info: images/gnuplot/test_1/energy_in_round_m256.png  used o
n input line 1194.
(pdftex.def)             Requested size: 284.52756pt x 213.39867pt.

Underfull \vbox (badness 10000) has occurred while \output is active []

 [40]
[41pdfTeX warning (ext4): destination with the same identifier (name{figure.5.8
}) has been already used, duplicate ignored

\AtBegShi@Output ...ipout \box \AtBeginShipoutBox 
                                                  \fi \fi 
l.1204 \par
           pdfTeX warning (ext4): destination with the same identifier (name{fi
gure.5.9}) has been already used, duplicate ignored

\AtBegShi@Output ...ipout \box \AtBeginShipoutBox 
                                                  \fi \fi 
l.1204 \par
            <./images/gnuplot/test_1/nodes_in_round_m256.png (PNG copy)> <./ima
ges/gnuplot/test_1/energy_in_round_m256.png (PNG copy)>] [42]
Underfull \vbox (badness 10000) detected at line 1276
 []

<images/gnuplot/test_2/nodes_in_round_25.png, id=841, 481.8pt x 361.35pt>
File: images/gnuplot/test_2/nodes_in_round_25.png Graphic file (type png)
<use images/gnuplot/test_2/nodes_in_round_25.png>
Package pdftex.def Info: images/gnuplot/test_2/nodes_in_round_25.png  used on i
nput line 1280.
(pdftex.def)             Requested size: 284.52756pt x 213.39867pt.
<images/gnuplot/test_2/energy_in_round_25.png, id=842, 481.8pt x 361.35pt>
File: images/gnuplot/test_2/energy_in_round_25.png Graphic file (type png)
<use images/gnuplot/test_2/energy_in_round_25.png>
Package pdftex.def Info: images/gnuplot/test_2/energy_in_round_25.png  used on 
input line 1282.
(pdftex.def)             Requested size: 284.52756pt x 213.39867pt.

Underfull \vbox (badness 10000) has occurred while \output is active []

 [43]
[44pdfTeX warning (ext4): destination with the same identifier (name{figure.5.1
0}) has been already used, duplicate ignored

\AtBegShi@Output ...ipout \box \AtBeginShipoutBox 
                                                  \fi \fi 
l.1292 \par
           pdfTeX warning (ext4): destination with the same identifier (name{fi
gure.5.11}) has been already used, duplicate ignored

\AtBegShi@Output ...ipout \box \AtBeginShipoutBox 
                                                  \fi \fi 
l.1292 \par
            <./images/gnuplot/test_2/nodes_in_round_25.png (PNG copy)> <./image
s/gnuplot/test_2/energy_in_round_25.png (PNG copy)>]
Underfull \vbox (badness 10000) detected at line 1312
 []

<images/gnuplot/test_2/nodes_in_round_50.png, id=871, 481.8pt x 361.35pt>
File: images/gnuplot/test_2/nodes_in_round_50.png Graphic file (type png)
<use images/gnuplot/test_2/nodes_in_round_50.png>
Package pdftex.def Info: images/gnuplot/test_2/nodes_in_round_50.png  used on i
nput line 1316.
(pdftex.def)             Requested size: 284.52756pt x 213.39867pt.
<images/gnuplot/test_2/energy_in_round_50.png, id=872, 481.8pt x 361.35pt>
File: images/gnuplot/test_2/energy_in_round_50.png Graphic file (type png)
<use images/gnuplot/test_2/energy_in_round_50.png>
Package pdftex.def Info: images/gnuplot/test_2/energy_in_round_50.png  used on 
input line 1318.
(pdftex.def)             Requested size: 284.52756pt x 213.39867pt.

Underfull \vbox (badness 10000) has occurred while \output is active []

 [45]
[46pdfTeX warning (ext4): destination with the same identifier (name{figure.5.1
2}) has been already used, duplicate ignored

\AtBegShi@Output ...ipout \box \AtBeginShipoutBox 
                                                  \fi \fi 
l.1328 \par
           pdfTeX warning (ext4): destination with the same identifier (name{fi
gure.5.13}) has been already used, duplicate ignored

\AtBegShi@Output ...ipout \box \AtBeginShipoutBox 
                                                  \fi \fi 
l.1328 \par
            <./images/gnuplot/test_2/nodes_in_round_50.png (PNG copy)> <./image
s/gnuplot/test_2/energy_in_round_50.png (PNG copy)>]
Underfull \vbox (badness 10000) detected at line 1348
 []

<images/gnuplot/test_2/nodes_in_round_100.png, id=886, 481.8pt x 361.35pt>
File: images/gnuplot/test_2/nodes_in_round_100.png Graphic file (type png)
<use images/gnuplot/test_2/nodes_in_round_100.png>
Package pdftex.def Info: images/gnuplot/test_2/nodes_in_round_100.png  used on 
input line 1352.
(pdftex.def)             Requested size: 284.52756pt x 213.39867pt.
<images/gnuplot/test_2/energy_in_round_100.png, id=887, 481.8pt x 361.35pt>
File: images/gnuplot/test_2/energy_in_round_100.png Graphic file (type png)
<use images/gnuplot/test_2/energy_in_round_100.png>
Package pdftex.def Info: images/gnuplot/test_2/energy_in_round_100.png  used on
 input line 1354.
(pdftex.def)             Requested size: 284.52756pt x 213.39867pt.

Underfull \vbox (badness 10000) has occurred while \output is active []

 [47]
[48pdfTeX warning (ext4): destination with the same identifier (name{figure.5.1
4}) has been already used, duplicate ignored

\AtBegShi@Output ...ipout \box \AtBeginShipoutBox 
                                                  \fi \fi 
l.1364 \par
           pdfTeX warning (ext4): destination with the same identifier (name{fi
gure.5.15}) has been already used, duplicate ignored

\AtBegShi@Output ...ipout \box \AtBeginShipoutBox 
                                                  \fi \fi 
l.1364 \par
            <./images/gnuplot/test_2/nodes_in_round_100.png (PNG copy)> <./imag
es/gnuplot/test_2/energy_in_round_100.png (PNG copy)>]
Underfull \vbox (badness 10000) detected at line 1383
 []

<images/gnuplot/test_2/nodes_in_round_150.png, id=899, 481.8pt x 361.35pt>
File: images/gnuplot/test_2/nodes_in_round_150.png Graphic file (type png)
<use images/gnuplot/test_2/nodes_in_round_150.png>
Package pdftex.def Info: images/gnuplot/test_2/nodes_in_round_150.png  used on 
input line 1387.
(pdftex.def)             Requested size: 284.52756pt x 213.39867pt.
<images/gnuplot/test_2/energy_in_round_150.png, id=900, 481.8pt x 361.35pt>
File: images/gnuplot/test_2/energy_in_round_150.png Graphic file (type png)
<use images/gnuplot/test_2/energy_in_round_150.png>
Package pdftex.def Info: images/gnuplot/test_2/energy_in_round_150.png  used on
 input line 1389.
(pdftex.def)             Requested size: 284.52756pt x 213.39867pt.

Underfull \vbox (badness 10000) has occurred while \output is active []

 [49]
[50pdfTeX warning (ext4): destination with the same identifier (name{figure.5.1
6}) has been already used, duplicate ignored

\AtBegShi@Output ...ipout \box \AtBeginShipoutBox 
                                                  \fi \fi 
l.1399 \par
           pdfTeX warning (ext4): destination with the same identifier (name{fi
gure.5.17}) has been already used, duplicate ignored

\AtBegShi@Output ...ipout \box \AtBeginShipoutBox 
                                                  \fi \fi 
l.1399 \par
            <./images/gnuplot/test_2/nodes_in_round_150.png (PNG copy)> <./imag
es/gnuplot/test_2/energy_in_round_150.png (PNG copy)>]
Underfull \vbox (badness 10000) detected at line 1418
 []

<images/gnuplot/test_2/nodes_in_round_200.png, id=912, 481.8pt x 361.35pt>
File: images/gnuplot/test_2/nodes_in_round_200.png Graphic file (type png)
<use images/gnuplot/test_2/nodes_in_round_200.png>
Package pdftex.def Info: images/gnuplot/test_2/nodes_in_round_200.png  used on 
input line 1422.
(pdftex.def)             Requested size: 284.52756pt x 213.39867pt.
<images/gnuplot/test_2/energy_in_round_200.png, id=913, 481.8pt x 361.35pt>
File: images/gnuplot/test_2/energy_in_round_200.png Graphic file (type png)
<use images/gnuplot/test_2/energy_in_round_200.png>
Package pdftex.def Info: images/gnuplot/test_2/energy_in_round_200.png  used on
 input line 1424.
(pdftex.def)             Requested size: 284.52756pt x 213.39867pt.

Underfull \vbox (badness 10000) has occurred while \output is active []

 [51]
[52pdfTeX warning (ext4): destination with the same identifier (name{figure.5.1
8}) has been already used, duplicate ignored

\AtBegShi@Output ...ipout \box \AtBeginShipoutBox 
                                                  \fi \fi 
l.1434 \par
           pdfTeX warning (ext4): destination with the same identifier (name{fi
gure.5.19}) has been already used, duplicate ignored

\AtBegShi@Output ...ipout \box \AtBeginShipoutBox 
                                                  \fi \fi 
l.1434 \par
            <./images/gnuplot/test_2/nodes_in_round_200.png (PNG copy)> <./imag
es/gnuplot/test_2/energy_in_round_200.png (PNG copy)>] [53] [54]
Underfull \vbox (badness 10000) detected at line 1514
 []

<images/gnuplot/test_3/nodes_in_round_xy050.png, id=956, 481.8pt x 361.35pt>
File: images/gnuplot/test_3/nodes_in_round_xy050.png Graphic file (type png)
<use images/gnuplot/test_3/nodes_in_round_xy050.png>
Package pdftex.def Info: images/gnuplot/test_3/nodes_in_round_xy050.png  used o
n input line 1519.
(pdftex.def)             Requested size: 284.52756pt x 213.39867pt.
<images/gnuplot/test_3/energy_in_round_xy050.png, id=957, 481.8pt x 361.35pt>
File: images/gnuplot/test_3/energy_in_round_xy050.png Graphic file (type png)
<use images/gnuplot/test_3/energy_in_round_xy050.png>
Package pdftex.def Info: images/gnuplot/test_3/energy_in_round_xy050.png  used 
on input line 1521.
(pdftex.def)             Requested size: 284.52756pt x 213.39867pt.

Underfull \vbox (badness 10000) has occurred while \output is active []

 [55]
[56pdfTeX warning (ext4): destination with the same identifier (name{figure.5.2
0}) has been already used, duplicate ignored

\AtBegShi@Output ...ipout \box \AtBeginShipoutBox 
                                                  \fi \fi 
l.1530 
       pdfTeX warning (ext4): destination with the same identifier (name{figure
.5.21}) has been already used, duplicate ignored

\AtBegShi@Output ...ipout \box \AtBeginShipoutBox 
                                                  \fi \fi 
l.1530 
        <./images/gnuplot/test_3/nodes_in_round_xy050.png (PNG copy)> <./images
/gnuplot/test_3/energy_in_round_xy050.png (PNG copy)>]
Underfull \vbox (badness 10000) detected at line 1552
 []

<images/gnuplot/test_3/nodes_in_round_xy100.png, id=982, 481.8pt x 361.35pt>
File: images/gnuplot/test_3/nodes_in_round_xy100.png Graphic file (type png)
<use images/gnuplot/test_3/nodes_in_round_xy100.png>
Package pdftex.def Info: images/gnuplot/test_3/nodes_in_round_xy100.png  used o
n input line 1557.
(pdftex.def)             Requested size: 284.52756pt x 213.39867pt.
<images/gnuplot/test_3/energy_in_round_xy100.png, id=983, 481.8pt x 361.35pt>
File: images/gnuplot/test_3/energy_in_round_xy100.png Graphic file (type png)
<use images/gnuplot/test_3/energy_in_round_xy100.png>
Package pdftex.def Info: images/gnuplot/test_3/energy_in_round_xy100.png  used 
on input line 1559.
(pdftex.def)             Requested size: 284.52756pt x 213.39867pt.

Underfull \vbox (badness 10000) has occurred while \output is active []

 [57]
[58pdfTeX warning (ext4): destination with the same identifier (name{figure.5.2
2}) has been already used, duplicate ignored

\AtBegShi@Output ...ipout \box \AtBeginShipoutBox 
                                                  \fi \fi 
l.1568 
       pdfTeX warning (ext4): destination with the same identifier (name{figure
.5.23}) has been already used, duplicate ignored

\AtBegShi@Output ...ipout \box \AtBeginShipoutBox 
                                                  \fi \fi 
l.1568 
        <./images/gnuplot/test_3/nodes_in_round_xy100.png (PNG copy)> <./images
/gnuplot/test_3/energy_in_round_xy100.png (PNG copy)>]
Underfull \vbox (badness 10000) detected at line 1585
 []

<images/gnuplot/test_3/nodes_in_round_xy400.png, id=996, 481.8pt x 361.35pt>
File: images/gnuplot/test_3/nodes_in_round_xy400.png Graphic file (type png)
<use images/gnuplot/test_3/nodes_in_round_xy400.png>
Package pdftex.def Info: images/gnuplot/test_3/nodes_in_round_xy400.png  used o
n input line 1589.
(pdftex.def)             Requested size: 284.52756pt x 213.39867pt.
<images/gnuplot/test_3/energy_in_round_xy400.png, id=997, 481.8pt x 361.35pt>
File: images/gnuplot/test_3/energy_in_round_xy400.png Graphic file (type png)
<use images/gnuplot/test_3/energy_in_round_xy400.png>
Package pdftex.def Info: images/gnuplot/test_3/energy_in_round_xy400.png  used 
on input line 1591.
(pdftex.def)             Requested size: 284.52756pt x 213.39867pt.

Underfull \vbox (badness 10000) has occurred while \output is active []

 [59]
[60pdfTeX warning (ext4): destination with the same identifier (name{figure.5.2
4}) has been already used, duplicate ignored

\AtBegShi@Output ...ipout \box \AtBeginShipoutBox 
                                                  \fi \fi 
l.1600 
       pdfTeX warning (ext4): destination with the same identifier (name{figure
.5.25}) has been already used, duplicate ignored

\AtBegShi@Output ...ipout \box \AtBeginShipoutBox 
                                                  \fi \fi 
l.1600 
        <./images/gnuplot/test_3/nodes_in_round_xy400.png (PNG copy)> <./images
/gnuplot/test_3/energy_in_round_xy400.png (PNG copy)>]
Underfull \vbox (badness 10000) detected at line 1617
 []

<images/gnuplot/test_3/nodes_in_round_xy800.png, id=1010, 481.8pt x 361.35pt>
File: images/gnuplot/test_3/nodes_in_round_xy800.png Graphic file (type png)
<use images/gnuplot/test_3/nodes_in_round_xy800.png>
Package pdftex.def Info: images/gnuplot/test_3/nodes_in_round_xy800.png  used o
n input line 1621.
(pdftex.def)             Requested size: 284.52756pt x 213.39867pt.
<images/gnuplot/test_3/energy_in_round_xy800.png, id=1011, 481.8pt x 361.35pt>
File: images/gnuplot/test_3/energy_in_round_xy800.png Graphic file (type png)
<use images/gnuplot/test_3/energy_in_round_xy800.png>
Package pdftex.def Info: images/gnuplot/test_3/energy_in_round_xy800.png  used 
on input line 1623.
(pdftex.def)             Requested size: 284.52756pt x 213.39867pt.

Underfull \vbox (badness 10000) has occurred while \output is active []

 [61]
[62pdfTeX warning (ext4): destination with the same identifier (name{figure.5.2
6}) has been already used, duplicate ignored

\AtBegShi@Output ...ipout \box \AtBeginShipoutBox 
                                                  \fi \fi 
l.1632 
       pdfTeX warning (ext4): destination with the same identifier (name{figure
.5.27}) has been already used, duplicate ignored

\AtBegShi@Output ...ipout \box \AtBeginShipoutBox 
                                                  \fi \fi 
l.1632 
        <./images/gnuplot/test_3/nodes_in_round_xy800.png (PNG copy)> <./images
/gnuplot/test_3/energy_in_round_xy800.png (PNG copy)>] [63]
Underfull \vbox (badness 10000) detected at line 1701
 []

<images/gnuplot/test_4/nodes_in_round_p005.png, id=1044, 481.8pt x 361.35pt>
File: images/gnuplot/test_4/nodes_in_round_p005.png Graphic file (type png)
<use images/gnuplot/test_4/nodes_in_round_p005.png>
Package pdftex.def Info: images/gnuplot/test_4/nodes_in_round_p005.png  used on
 input line 1705.
(pdftex.def)             Requested size: 284.52756pt x 213.39867pt.
<images/gnuplot/test_4/energy_in_round_p005.png, id=1045, 481.8pt x 361.35pt>
File: images/gnuplot/test_4/energy_in_round_p005.png Graphic file (type png)
<use images/gnuplot/test_4/energy_in_round_p005.png>
Package pdftex.def Info: images/gnuplot/test_4/energy_in_round_p005.png  used o
n input line 1707.
(pdftex.def)             Requested size: 284.52756pt x 213.39867pt.

Underfull \vbox (badness 10000) has occurred while \output is active []

 [64]
[65pdfTeX warning (ext4): destination with the same identifier (name{figure.5.2
8}) has been already used, duplicate ignored

\AtBegShi@Output ...ipout \box \AtBeginShipoutBox 
                                                  \fi \fi 
l.1716 
       pdfTeX warning (ext4): destination with the same identifier (name{figure
.5.29}) has been already used, duplicate ignored

\AtBegShi@Output ...ipout \box \AtBeginShipoutBox 
                                                  \fi \fi 
l.1716 
        <./images/gnuplot/test_4/nodes_in_round_p005.png (PNG copy)> <./images/
gnuplot/test_4/energy_in_round_p005.png (PNG copy)>]
Underfull \vbox (badness 10000) detected at line 1733
 []

<images/gnuplot/test_4/nodes_in_round_p010.png, id=1072, 481.8pt x 361.35pt>
File: images/gnuplot/test_4/nodes_in_round_p010.png Graphic file (type png)
<use images/gnuplot/test_4/nodes_in_round_p010.png>
Package pdftex.def Info: images/gnuplot/test_4/nodes_in_round_p010.png  used on
 input line 1737.
(pdftex.def)             Requested size: 284.52756pt x 213.39867pt.
<images/gnuplot/test_4/energy_in_round_p010.png, id=1073, 481.8pt x 361.35pt>
File: images/gnuplot/test_4/energy_in_round_p010.png Graphic file (type png)
<use images/gnuplot/test_4/energy_in_round_p010.png>
Package pdftex.def Info: images/gnuplot/test_4/energy_in_round_p010.png  used o
n input line 1739.
(pdftex.def)             Requested size: 284.52756pt x 213.39867pt.

Underfull \vbox (badness 10000) has occurred while \output is active []

 [66]
[67pdfTeX warning (ext4): destination with the same identifier (name{figure.5.3
0}) has been already used, duplicate ignored

\AtBegShi@Output ...ipout \box \AtBeginShipoutBox 
                                                  \fi \fi 
l.1747 
       pdfTeX warning (ext4): destination with the same identifier (name{figure
.5.31}) has been already used, duplicate ignored

\AtBegShi@Output ...ipout \box \AtBeginShipoutBox 
                                                  \fi \fi 
l.1747 
        <./images/gnuplot/test_4/nodes_in_round_p010.png (PNG copy)> <./images/
gnuplot/test_4/energy_in_round_p010.png (PNG copy)>]
Underfull \vbox (badness 10000) detected at line 1764
 []

<images/gnuplot/test_4/nodes_in_round_p015.png, id=1085, 481.8pt x 361.35pt>
File: images/gnuplot/test_4/nodes_in_round_p015.png Graphic file (type png)
<use images/gnuplot/test_4/nodes_in_round_p015.png>
Package pdftex.def Info: images/gnuplot/test_4/nodes_in_round_p015.png  used on
 input line 1768.
(pdftex.def)             Requested size: 284.52756pt x 213.39867pt.
<images/gnuplot/test_4/energy_in_round_p015.png, id=1086, 481.8pt x 361.35pt>
File: images/gnuplot/test_4/energy_in_round_p015.png Graphic file (type png)
<use images/gnuplot/test_4/energy_in_round_p015.png>
Package pdftex.def Info: images/gnuplot/test_4/energy_in_round_p015.png  used o
n input line 1770.
(pdftex.def)             Requested size: 284.52756pt x 213.39867pt.

Underfull \vbox (badness 10000) has occurred while \output is active []

 [68]
[69pdfTeX warning (ext4): destination with the same identifier (name{figure.5.3
2}) has been already used, duplicate ignored

\AtBegShi@Output ...ipout \box \AtBeginShipoutBox 
                                                  \fi \fi 
l.1779 
       pdfTeX warning (ext4): destination with the same identifier (name{figure
.5.33}) has been already used, duplicate ignored

\AtBegShi@Output ...ipout \box \AtBeginShipoutBox 
                                                  \fi \fi 
l.1779 
        <./images/gnuplot/test_4/nodes_in_round_p015.png (PNG copy)> <./images/
gnuplot/test_4/energy_in_round_p015.png (PNG copy)>]
Underfull \vbox (badness 10000) detected at line 1796
 []

<images/gnuplot/test_4/nodes_in_round_p020.png, id=1099, 481.8pt x 361.35pt>
File: images/gnuplot/test_4/nodes_in_round_p020.png Graphic file (type png)
<use images/gnuplot/test_4/nodes_in_round_p020.png>
Package pdftex.def Info: images/gnuplot/test_4/nodes_in_round_p020.png  used on
 input line 1800.
(pdftex.def)             Requested size: 284.52756pt x 213.39867pt.
<images/gnuplot/test_4/energy_in_round_p020.png, id=1100, 481.8pt x 361.35pt>
File: images/gnuplot/test_4/energy_in_round_p020.png Graphic file (type png)
<use images/gnuplot/test_4/energy_in_round_p020.png>
Package pdftex.def Info: images/gnuplot/test_4/energy_in_round_p020.png  used o
n input line 1802.
(pdftex.def)             Requested size: 284.52756pt x 213.39867pt.

Underfull \vbox (badness 10000) has occurred while \output is active []

 [70]
[71pdfTeX warning (ext4): destination with the same identifier (name{figure.5.3
4}) has been already used, duplicate ignored

\AtBegShi@Output ...ipout \box \AtBeginShipoutBox 
                                                  \fi \fi 
l.1811 
       pdfTeX warning (ext4): destination with the same identifier (name{figure
.5.35}) has been already used, duplicate ignored

\AtBegShi@Output ...ipout \box \AtBeginShipoutBox 
                                                  \fi \fi 
l.1811 
        <./images/gnuplot/test_4/nodes_in_round_p020.png (PNG copy)> <./images/
gnuplot/test_4/energy_in_round_p020.png (PNG copy)>]
Underfull \vbox (badness 10000) detected at line 1828
 []

<images/gnuplot/test_4/nodes_in_round_p025.png, id=1112, 481.8pt x 361.35pt>
File: images/gnuplot/test_4/nodes_in_round_p025.png Graphic file (type png)
<use images/gnuplot/test_4/nodes_in_round_p025.png>
Package pdftex.def Info: images/gnuplot/test_4/nodes_in_round_p025.png  used on
 input line 1832.
(pdftex.def)             Requested size: 284.52756pt x 213.39867pt.
<images/gnuplot/test_4/energy_in_round_p025.png, id=1113, 481.8pt x 361.35pt>
File: images/gnuplot/test_4/energy_in_round_p025.png Graphic file (type png)
<use images/gnuplot/test_4/energy_in_round_p025.png>
Package pdftex.def Info: images/gnuplot/test_4/energy_in_round_p025.png  used o
n input line 1834.
(pdftex.def)             Requested size: 284.52756pt x 213.39867pt.

Underfull \vbox (badness 10000) has occurred while \output is active []

 [72]
[73pdfTeX warning (ext4): destination with the same identifier (name{figure.5.3
6}) has been already used, duplicate ignored

\AtBegShi@Output ...ipout \box \AtBeginShipoutBox 
                                                  \fi \fi 
l.1843 
       pdfTeX warning (ext4): destination with the same identifier (name{figure
.5.37}) has been already used, duplicate ignored

\AtBegShi@Output ...ipout \box \AtBeginShipoutBox 
                                                  \fi \fi 
l.1843 
        <./images/gnuplot/test_4/nodes_in_round_p025.png (PNG copy)> <./images/
gnuplot/test_4/energy_in_round_p025.png (PNG copy)>]
Underfull \vbox (badness 10000) detected at line 1860
 []

<images/gnuplot/test_4/nodes_in_round_p030.png, id=1125, 481.8pt x 361.35pt>
File: images/gnuplot/test_4/nodes_in_round_p030.png Graphic file (type png)
<use images/gnuplot/test_4/nodes_in_round_p030.png>
Package pdftex.def Info: images/gnuplot/test_4/nodes_in_round_p030.png  used on
 input line 1864.
(pdftex.def)             Requested size: 284.52756pt x 213.39867pt.
<images/gnuplot/test_4/energy_in_round_p030.png, id=1126, 481.8pt x 361.35pt>
File: images/gnuplot/test_4/energy_in_round_p030.png Graphic file (type png)
<use images/gnuplot/test_4/energy_in_round_p030.png>
Package pdftex.def Info: images/gnuplot/test_4/energy_in_round_p030.png  used o
n input line 1866.
(pdftex.def)             Requested size: 284.52756pt x 213.39867pt.

Underfull \vbox (badness 10000) has occurred while \output is active []

 [74]
[75pdfTeX warning (ext4): destination with the same identifier (name{figure.5.3
8}) has been already used, duplicate ignored

\AtBegShi@Output ...ipout \box \AtBeginShipoutBox 
                                                  \fi \fi 
l.1875 
       pdfTeX warning (ext4): destination with the same identifier (name{figure
.5.39}) has been already used, duplicate ignored

\AtBegShi@Output ...ipout \box \AtBeginShipoutBox 
                                                  \fi \fi 
l.1875 
        <./images/gnuplot/test_4/nodes_in_round_p030.png (PNG copy)> <./images/
gnuplot/test_4/energy_in_round_p030.png (PNG copy)>]
<images/gnuplot/test_4/nodes_in_round_all.png, id=1139, 481.8pt x 361.35pt>
File: images/gnuplot/test_4/nodes_in_round_all.png Graphic file (type png)
<use images/gnuplot/test_4/nodes_in_round_all.png>
Package pdftex.def Info: images/gnuplot/test_4/nodes_in_round_all.png  used on 
input line 1878.
(pdftex.def)             Requested size: 284.52756pt x 213.39867pt.
<images/gnuplot/test_4/energy_in_round_all.png, id=1140, 481.8pt x 361.35pt>
File: images/gnuplot/test_4/energy_in_round_all.png Graphic file (type png)
<use images/gnuplot/test_4/energy_in_round_all.png>
Package pdftex.def Info: images/gnuplot/test_4/energy_in_round_all.png  used on
 input line 1880.
(pdftex.def)             Requested size: 284.52756pt x 213.39867pt.
 [76pdfTeX warning (ext4): destination with the same identifier (name{figure.5.
40}) has been already used, duplicate ignored

\AtBegShi@Output ...ipout \box \AtBeginShipoutBox 
                                                  \fi \fi 
l.1887 
       pdfTeX warning (ext4): destination with the same identifier (name{figure
.5.41}) has been already used, duplicate ignored

\AtBegShi@Output ...ipout \box \AtBeginShipoutBox 
                                                  \fi \fi 
l.1887 
        <./images/gnuplot/test_4/nodes_in_round_all.png (PNG copy)> <./images/g
nuplot/test_4/energy_in_round_all.png (PNG copy)>] [77]
Rozdzia\l  6.
[78

] [79]
Overfull \hbox (14.07835pt too wide) in paragraph at lines 1939--1946
\T1/cmr/m/n/12 za-im-ple-men-to-wa-nie pro-to-ko-ªów wy-ko-rzy-stu-j¡-cych wie-
lo-to-ro-wo±¢ (M-MPR \T1/cmr/m/it/12 Mesh
 []

[80] [81

] [82]
Underfull \hbox (badness 1694) in paragraph at lines 2005--2006
[]\T1/cmr/m/n/12 A. Do-no-wan, B. Ker-nin-ghan, ,,The Go Pro-gram-ming Lan-gu-a
ge'',
 []


Underfull \hbox (badness 10000) in paragraph at lines 2009--2010
[]\T1/cmr/m/n/12 L. Phil-lips, ,,gnu-plot Co-ok-book'', Packt Pu-bli-shing, ISB
N
 []

Package atveryend Info: Empty hook `BeforeClearDocument' on input line 2016.
[83]
Package atveryend Info: Empty hook `AfterLastShipout' on input line 2016.
 (./praca_dyplomowa.aux)
Package atveryend Info: Executing hook `AtVeryEndDocument' on input line 2016.
Package atveryend Info: Executing hook `AtEndAfterFileList' on input line 2016.

Package rerunfilecheck Info: File `praca_dyplomowa.out' has not changed.
(rerunfilecheck)             Checksum: F9241C4DB48A611C59FF5E84F1CB3FD2;2450.


LaTeX Warning: There were undefined references.

Package atveryend Info: Empty hook `AtVeryVeryEnd' on input line 2016.
 ) 
Here is how much of TeX's memory you used:
 10487 strings out of 492638
 153873 string characters out of 6131710
 461816 words of memory out of 5000000
 13510 multiletter control sequences out of 15000+600000
 27260 words of font info for 51 fonts, out of 8000000 for 9000
 1141 hyphenation exceptions out of 8191
 28i,9n,40p,338b,1920s stack positions out of 5000i,500n,10000p,200000b,80000s
{/usr/share/texlive/texmf-dist/fonts/enc/dvips/pl/plrm.enc}{/usr/share/texliv
e/texmf-dist/fonts/enc/dvips/pl/plms.enc}{/usr/share/texlive/texmf-dist/fonts/e
nc/dvips/pl/plme.enc}{/usr/share/texlive/texmf-dist/fonts/enc/dvips/pl/plmi.enc
}{/usr/share/texmf/fonts/enc/dvips/cm-super/cm-super-t1.enc}{/usr/share/texlive
/texmf-dist/fonts/enc/dvips/base/8r.enc}</usr/share/texlive/texmf-dist/fonts/ty
pe1/public/amsfonts/cm/cmsy10.pfb></usr/share/texlive/texmf-dist/fonts/type1/pu
blic/pl/plex10.pfb></usr/share/texlive/texmf-dist/fonts/type1/public/pl/plmi12.
pfb></usr/share/texlive/texmf-dist/fonts/type1/public/pl/plmi8.pfb></usr/share/
texlive/texmf-dist/fonts/type1/public/pl/plr12.pfb></usr/share/texlive/texmf-di
st/fonts/type1/public/pl/plr6.pfb></usr/share/texlive/texmf-dist/fonts/type1/pu
blic/pl/plr8.pfb></usr/share/texlive/texmf-dist/fonts/type1/public/pl/plsy10.pf
b></usr/share/texlive/texmf-dist/fonts/type1/public/pl/plsy8.pfb></usr/share/te
xmf/fonts/type1/public/cm-super/sfbx1200.pfb></usr/share/texmf/fonts/type1/publ
ic/cm-super/sfbx1440.pfb></usr/share/texmf/fonts/type1/public/cm-super/sfbx1728
.pfb></usr/share/texmf/fonts/type1/public/cm-super/sfbx2488.pfb></usr/share/tex
mf/fonts/type1/public/cm-super/sfrm0600.pfb></usr/share/texmf/fonts/type1/publi
c/cm-super/sfrm1200.pfb></usr/share/texmf/fonts/type1/public/cm-super/sfrm1728.
pfb></usr/share/texmf/fonts/type1/public/cm-super/sfti1200.pfb></usr/share/texm
f/fonts/type1/public/cm-super/sftt1095.pfb></usr/share/texlive/texmf-dist/fonts
/type1/urw/helvetic/uhvr8a.pfb>
Output written on praca_dyplomowa.pdf (93 pages, 2193053 bytes).
PDF statistics:
 1393 PDF objects out of 1440 (max. 8388607)
 1213 compressed objects within 13 object streams
 629 named destinations out of 1000 (max. 500000)
 521 words of extra memory for PDF output out of 10000 (max. 10000000)

